<?xml version="1.0" encoding="UTF-8"?>
<!-- Generated by org.testng.reporters.JUnitReportReporter -->
<testsuite hostname="VinaDellXPS" failures="0" tests="4" name="api.test.uservalidation" time="2.898" errors="0" timestamp="2024-10-28T12:24:47 CDT" skipped="0">
  <testcase classname="api.test.uservalidation" name="getusercheck" time="0.275"/>
  <system-out/>
  <testcase classname="api.test.uservalidation" name="updateusercheck" time="0.557"/>
  <system-out/>
  <testcase classname="api.test.uservalidation" name="createusercheck" time="1.776"/>
  <system-out/>
  <testcase classname="api.test.uservalidation" name="deleteusercheck" time="0.290"/>
  <system-out/>
</testsuite> <!-- api.test.uservalidation -->
