<?xml version="1.0" encoding="UTF-8"?>
<!-- Generated by org.testng.reporters.JUnitReportReporter -->
<testsuite hostname="VinaDellXPS" failures="0" tests="4" name="api.test.uservalidation" time="3.874" errors="0" timestamp="2024-10-28T12:56:23 CDT" skipped="0">
  <testcase classname="api.test.uservalidation" name="getusercheck" time="0.287"/>
  <system-out/>
  <testcase classname="api.test.uservalidation" name="createusercheck" time="2.713"/>
  <system-out/>
  <testcase classname="api.test.uservalidation" name="deleteusercheck" time="0.313"/>
  <system-out/>
  <testcase classname="api.test.uservalidation" name="updateusercheck" time="0.561"/>
  <system-out/>
</testsuite> <!-- api.test.uservalidation -->
